  Staff.c
C:\Users\User\Desktop\Assignment\Staff login\Staff.c(44,23): warning C4013: 'strcmp' undefined; assuming extern returning int
C:\Users\User\Desktop\Assignment\Staff login\Staff.c(96,23): warning C4013: 'search' undefined; assuming extern returning int
C:\Users\User\Desktop\Assignment\Staff login\Staff.c(99,27): warning C4013: 'changePass' undefined; assuming extern returning int
C:\Users\User\Desktop\Assignment\Staff login\Staff.c(115,1): error C2143: syntax error: missing ';' before '{'
C:\Users\User\Desktop\Assignment\Staff login\Staff.c(131,23): warning C4473: 'fscanf' : not enough arguments passed for format string
C:\Users\User\Desktop\Assignment\Staff login\Staff.c(131,23): message : placeholders and their parameters expect 8 variadic arguments, but 7 were provided
C:\Users\User\Desktop\Assignment\Staff login\Staff.c(131,23): message : the missing variadic argument 8 is required by format string '%s'
C:\Users\User\Desktop\Assignment\Staff login\Staff.c(152,26): error C2143: syntax error: missing ';' before '{'
C:\Users\User\Desktop\Assignment\Staff login\Staff.c(166,23): warning C4473: 'fscanf' : not enough arguments passed for format string
C:\Users\User\Desktop\Assignment\Staff login\Staff.c(166,23): message : placeholders and their parameters expect 8 variadic arguments, but 7 were provided
C:\Users\User\Desktop\Assignment\Staff login\Staff.c(166,23): message : the missing variadic argument 8 is required by format string '%s'
C:\Users\User\Desktop\Assignment\Staff login\Staff.c(167,28): error C2065: 'id': undeclared identifier
C:\Users\User\Desktop\Assignment\Staff login\Staff.c(173,23): warning C4013: 'strcpy' undefined; assuming extern returning int
C:\Users\User\Desktop\Assignment\Staff login\Staff.c(195,57): error C2065: 'id': undeclared identifier
C:\Users\User\Desktop\Assignment\Staff login\Staff.c(195,16): warning C4477: 'printf' : format string '%s' requires an argument of type 'char *', but variadic argument 1 has type 'int'
C:\Users\User\Desktop\Assignment\Staff login\Staff.c(21): fatal error C1075: '{': no matching token found
